2024-10-25 17:10:50,371 - sqlalchemy.engine.Engine - INFO - select pg_catalog.version()
2024-10-25 17:10:50,371 - sqlalchemy.engine.Engine - INFO - [raw sql] ()
2024-10-25 17:10:50,372 - sqlalchemy.engine.Engine - INFO - select current_schema()
2024-10-25 17:10:50,372 - sqlalchemy.engine.Engine - INFO - [raw sql] ()
2024-10-25 17:10:50,372 - sqlalchemy.engine.Engine - INFO - show standard_conforming_strings
2024-10-25 17:10:50,373 - sqlalchemy.engine.Engine - INFO - [raw sql] ()
2024-10-25 17:10:50,373 - sqlalchemy.engine.Engine - INFO - BEGIN (implicit)
2024-10-25 17:10:50,375 - sqlalchemy.engine.Engine - INFO - SELECT pg_catalog.pg_class.relname 
FROM pg_catalog.pg_class JOIN pg_catalog.pg_namespace ON pg_catalog.pg_namespace.oid = pg_catalog.pg_class.relnamespace 
WHERE pg_catalog.pg_class.relname = $1::VARCHAR AND pg_catalog.pg_class.relkind = ANY (ARRAY[$2::VARCHAR, $3::VARCHAR, $4::VARCHAR, $5::VARCHAR, $6::VARCHAR]) AND pg_catalog.pg_table_is_visible(pg_catalog.pg_class.oid) AND pg_catalog.pg_namespace.nspname != $7::VARCHAR
2024-10-25 17:10:50,375 - sqlalchemy.engine.Engine - INFO - [generated in 0.00015s] ('users', 'r', 'p', 'f', 'v', 'm', 'pg_catalog')
2024-10-25 17:10:50,376 - sqlalchemy.engine.Engine - INFO - SELECT pg_catalog.pg_class.relname 
FROM pg_catalog.pg_class JOIN pg_catalog.pg_namespace ON pg_catalog.pg_namespace.oid = pg_catalog.pg_class.relnamespace 
WHERE pg_catalog.pg_class.relname = $1::VARCHAR AND pg_catalog.pg_class.relkind = ANY (ARRAY[$2::VARCHAR, $3::VARCHAR, $4::VARCHAR, $5::VARCHAR, $6::VARCHAR]) AND pg_catalog.pg_table_is_visible(pg_catalog.pg_class.oid) AND pg_catalog.pg_namespace.nspname != $7::VARCHAR
2024-10-25 17:10:50,376 - sqlalchemy.engine.Engine - INFO - [cached since 0.001421s ago] ('conversations', 'r', 'p', 'f', 'v', 'm', 'pg_catalog')
2024-10-25 17:10:50,377 - sqlalchemy.engine.Engine - INFO - SELECT pg_catalog.pg_class.relname 
FROM pg_catalog.pg_class JOIN pg_catalog.pg_namespace ON pg_catalog.pg_namespace.oid = pg_catalog.pg_class.relnamespace 
WHERE pg_catalog.pg_class.relname = $1::VARCHAR AND pg_catalog.pg_class.relkind = ANY (ARRAY[$2::VARCHAR, $3::VARCHAR, $4::VARCHAR, $5::VARCHAR, $6::VARCHAR]) AND pg_catalog.pg_table_is_visible(pg_catalog.pg_class.oid) AND pg_catalog.pg_namespace.nspname != $7::VARCHAR
2024-10-25 17:10:50,377 - sqlalchemy.engine.Engine - INFO - [cached since 0.001838s ago] ('messages', 'r', 'p', 'f', 'v', 'm', 'pg_catalog')
2024-10-25 17:10:50,377 - sqlalchemy.engine.Engine - INFO - SELECT pg_catalog.pg_class.relname 
FROM pg_catalog.pg_class JOIN pg_catalog.pg_namespace ON pg_catalog.pg_namespace.oid = pg_catalog.pg_class.relnamespace 
WHERE pg_catalog.pg_class.relname = $1::VARCHAR AND pg_catalog.pg_class.relkind = ANY (ARRAY[$2::VARCHAR, $3::VARCHAR, $4::VARCHAR, $5::VARCHAR, $6::VARCHAR]) AND pg_catalog.pg_table_is_visible(pg_catalog.pg_class.oid) AND pg_catalog.pg_namespace.nspname != $7::VARCHAR
2024-10-25 17:10:50,377 - sqlalchemy.engine.Engine - INFO - [cached since 0.002225s ago] ('tts_voice_preferences', 'r', 'p', 'f', 'v', 'm', 'pg_catalog')
2024-10-25 17:10:50,378 - sqlalchemy.engine.Engine - INFO - COMMIT
2024-10-25 17:11:18,344 - sqlalchemy.engine.Engine - INFO - select pg_catalog.version()
2024-10-25 17:11:18,344 - sqlalchemy.engine.Engine - INFO - [raw sql] ()
2024-10-25 17:11:18,345 - sqlalchemy.engine.Engine - INFO - select current_schema()
2024-10-25 17:11:18,345 - sqlalchemy.engine.Engine - INFO - [raw sql] ()
2024-10-25 17:11:18,346 - sqlalchemy.engine.Engine - INFO - show standard_conforming_strings
2024-10-25 17:11:18,346 - sqlalchemy.engine.Engine - INFO - [raw sql] ()
2024-10-25 17:11:18,346 - sqlalchemy.engine.Engine - INFO - BEGIN (implicit)
2024-10-25 17:11:18,349 - sqlalchemy.engine.Engine - INFO - SELECT pg_catalog.pg_class.relname 
FROM pg_catalog.pg_class JOIN pg_catalog.pg_namespace ON pg_catalog.pg_namespace.oid = pg_catalog.pg_class.relnamespace 
WHERE pg_catalog.pg_class.relname = $1::VARCHAR AND pg_catalog.pg_class.relkind = ANY (ARRAY[$2::VARCHAR, $3::VARCHAR, $4::VARCHAR, $5::VARCHAR, $6::VARCHAR]) AND pg_catalog.pg_table_is_visible(pg_catalog.pg_class.oid) AND pg_catalog.pg_namespace.nspname != $7::VARCHAR
2024-10-25 17:11:18,349 - sqlalchemy.engine.Engine - INFO - [generated in 0.00017s] ('users', 'r', 'p', 'f', 'v', 'm', 'pg_catalog')
2024-10-25 17:11:18,350 - sqlalchemy.engine.Engine - INFO - SELECT pg_catalog.pg_class.relname 
FROM pg_catalog.pg_class JOIN pg_catalog.pg_namespace ON pg_catalog.pg_namespace.oid = pg_catalog.pg_class.relnamespace 
WHERE pg_catalog.pg_class.relname = $1::VARCHAR AND pg_catalog.pg_class.relkind = ANY (ARRAY[$2::VARCHAR, $3::VARCHAR, $4::VARCHAR, $5::VARCHAR, $6::VARCHAR]) AND pg_catalog.pg_table_is_visible(pg_catalog.pg_class.oid) AND pg_catalog.pg_namespace.nspname != $7::VARCHAR
2024-10-25 17:11:18,350 - sqlalchemy.engine.Engine - INFO - [cached since 0.00145s ago] ('conversations', 'r', 'p', 'f', 'v', 'm', 'pg_catalog')
2024-10-25 17:11:18,350 - sqlalchemy.engine.Engine - INFO - SELECT pg_catalog.pg_class.relname 
FROM pg_catalog.pg_class JOIN pg_catalog.pg_namespace ON pg_catalog.pg_namespace.oid = pg_catalog.pg_class.relnamespace 
WHERE pg_catalog.pg_class.relname = $1::VARCHAR AND pg_catalog.pg_class.relkind = ANY (ARRAY[$2::VARCHAR, $3::VARCHAR, $4::VARCHAR, $5::VARCHAR, $6::VARCHAR]) AND pg_catalog.pg_table_is_visible(pg_catalog.pg_class.oid) AND pg_catalog.pg_namespace.nspname != $7::VARCHAR
2024-10-25 17:11:18,351 - sqlalchemy.engine.Engine - INFO - [cached since 0.00185s ago] ('messages', 'r', 'p', 'f', 'v', 'm', 'pg_catalog')
2024-10-25 17:11:18,351 - sqlalchemy.engine.Engine - INFO - SELECT pg_catalog.pg_class.relname 
FROM pg_catalog.pg_class JOIN pg_catalog.pg_namespace ON pg_catalog.pg_namespace.oid = pg_catalog.pg_class.relnamespace 
WHERE pg_catalog.pg_class.relname = $1::VARCHAR AND pg_catalog.pg_class.relkind = ANY (ARRAY[$2::VARCHAR, $3::VARCHAR, $4::VARCHAR, $5::VARCHAR, $6::VARCHAR]) AND pg_catalog.pg_table_is_visible(pg_catalog.pg_class.oid) AND pg_catalog.pg_namespace.nspname != $7::VARCHAR
2024-10-25 17:11:18,351 - sqlalchemy.engine.Engine - INFO - [cached since 0.00221s ago] ('tts_voice_preferences', 'r', 'p', 'f', 'v', 'm', 'pg_catalog')
2024-10-25 17:11:18,351 - sqlalchemy.engine.Engine - INFO - COMMIT
